<?xml version="1.0" encoding="UTF-8"?>
<!-- Generated by org.testng.reporters.JUnitReportReporter -->
<testsuite hostname="mers1" name="com.mailru.test.LoginTest" tests="1" failures="0" timestamp="14 Jun 2012 20:15:07 GMT" time="19.109" errors="0">
  <testcase name="testLoginLogout" time="19.109" classname="com.mailru.test.LoginTest"/>
</testsuite> <!-- com.mailru.test.LoginTest -->
